user is registered successfully
product added to the cart successfully
user is registered successfully
product added to the cart successfully
click on checkout button successfully
Shipping added successfully
selected shipped method 
select payment method 
confirmed payment information
order confirmed
user is registered successfully
product added to the cart successfully
click on checkout button successfully
Shipping added successfully
selected shipped method 
select payment method 
confirmed payment information
order confirmed
user is registered successfully
product added to the cart successfully
click on checkout button successfully
Shipping added successfully
selected shipped method 
select payment method 
confirmed payment information
order confirmed
user is registered successfully
product added to the cart successfully
user is registered successfully
product added to the cart successfully
click on checkout button successfully
Shipping added successfully
selected shipped method 
select payment method 
confirmed payment information
order confirmed
user is registered successfully
product added to the cart successfully
click on checkout button successfully
Shipping added successfully
selected shipped method 
select payment method 
confirmed payment information
order confirmed
user is registered successfully
product added to the cart successfully
click on checkout button successfully
Shipping added successfully
selected shipped method 
select payment method 
confirmed payment information
order confirmed
user is registered successfully
product added to the cart successfully
click on checkout button successfully
Shipping added successfully
selected shipped method 
select payment method 
confirmed payment information
order confirmed
user is registered successfully
product added to the cart successfully
click on checkout button successfully
Shipping added successfully
selected shipped method 
select payment method 
confirmed payment information
order confirmed
user is registered successfully
product added to the cart successfully
click on checkout button successfully
Shipping added successfully
selected shipped method 
select payment method 
confirmed payment information
order confirmed
user is registered successfully
product added to the cart successfully
click on checkout button successfully
Shipping added successfully
selected shipped method 
select payment method 
confirmed payment information
order confirmed
user is registered successfully
product added to the cart successfully
click on checkout button successfully
Shipping added successfully
selected shipped method 
select payment method 
confirmed payment information
order confirmed
user is registered successfully
product added to the cart successfully
click on checkout button successfully
Shipping added successfully
selected shipped method 
select payment method 
confirmed payment information
order confirmed
user is registered successfully
product added to the cart successfully
click on checkout button successfully
Shipping added successfully
selected shipped method 
select payment method 
confirmed payment information
order confirmed
user is registered successfully
product added to the cart successfully
click on checkout button successfully
Shipping added successfully
selected shipped method 
select payment method 
confirmed payment information
order confirmed
user is registered successfully
product added to the cart successfully
click on checkout button successfully
Shipping added successfully
selected shipped method 
select payment method 
confirmed payment information
order confirmed
user is registered successfully
product added to the cart successfully
click on checkout button successfully
Shipping added successfully
selected shipped method 
select payment method 
confirmed payment information
order confirmed
user is registered successfully
product added to the cart successfully
click on checkout button successfully
Shipping added successfully
selected shipped method 
select payment method 
confirmed payment information
order confirmed
user is registered successfully
product added to the cart successfully
click on checkout button successfully
Shipping added successfully
selected shipped method 
select payment method 
confirmed payment information
order confirmed
user is registered successfully
product added to the cart successfully
user is registered successfully
product added to the cart successfully
click on checkout button successfully
Shipping added successfully
selected shipped method 
select payment method 
confirmed payment information
order confirmed
user is registered successfully
product added to the cart successfully
click on checkout button successfully
Shipping added successfully
selected shipped method 
select payment method 
confirmed payment information
order confirmed
